0 info it worked if it ends with ok
1 verbose cli [ '/usr/local/Cellar/node/5.3.0/bin/node',
1 verbose cli   '/usr/local/bin/npm',
1 verbose cli   'install',
1 verbose cli   'zlib' ]
2 info using npm@3.5.3
3 info using node@v5.3.0
4 silly loadCurrentTree Starting
5 silly install loadCurrentTree
6 silly install readLocalPackageData
7 silly fetchPackageMetaData zlib
8 silly fetchNamedPackageData zlib
9 silly mapToRegistry name zlib
10 silly mapToRegistry using default registry
11 silly mapToRegistry registry https://registry.npmjs.org/
12 silly mapToRegistry uri https://registry.npmjs.org/zlib
13 verbose request uri https://registry.npmjs.org/zlib
14 verbose request no auth needed
15 info attempt registry request try #1 at 5:01:31 PM
16 verbose request id 106c7fd94b8628f3
17 verbose etag "5ZD8OZO6M8FVHQHJHDOOR2QN9"
18 http request GET https://registry.npmjs.org/zlib
19 http 304 https://registry.npmjs.org/zlib
20 verbose headers { date: 'Sat, 23 Jan 2016 22:01:31 GMT',
20 verbose headers   via: '1.1 varnish',
20 verbose headers   'cache-control': 'max-age=300',
20 verbose headers   etag: '"5ZD8OZO6M8FVHQHJHDOOR2QN9"',
20 verbose headers   age: '0',
20 verbose headers   connection: 'keep-alive',
20 verbose headers   'x-served-by': 'cache-iad2130-IAD',
20 verbose headers   'x-cache': 'MISS',
20 verbose headers   'x-cache-hits': '0',
20 verbose headers   'x-timer': 'S1453586491.263289,VS0,VE59',
20 verbose headers   vary: 'Accept' }
21 silly get cb [ 304,
21 silly get   { date: 'Sat, 23 Jan 2016 22:01:31 GMT',
21 silly get     via: '1.1 varnish',
21 silly get     'cache-control': 'max-age=300',
21 silly get     etag: '"5ZD8OZO6M8FVHQHJHDOOR2QN9"',
21 silly get     age: '0',
21 silly get     connection: 'keep-alive',
21 silly get     'x-served-by': 'cache-iad2130-IAD',
21 silly get     'x-cache': 'MISS',
21 silly get     'x-cache-hits': '0',
21 silly get     'x-timer': 'S1453586491.263289,VS0,VE59',
21 silly get     vary: 'Accept' } ]
22 verbose etag https://registry.npmjs.org/zlib from cache
23 verbose get saving zlib to /Users/ssun098/.npm/registry.npmjs.org/zlib/.cache.json
24 silly install normalizeTree
25 silly loadCurrentTree Finishing
26 silly loadIdealTree Starting
27 silly install loadIdealTree
28 silly cloneCurrentTree Starting
29 silly install cloneCurrentTreeToIdealTree
30 silly cloneCurrentTree Finishing
31 silly loadShrinkwrap Starting
32 silly install loadShrinkwrap
33 silly loadShrinkwrap Finishing
34 silly loadAllDepsIntoIdealTree Starting
35 silly install loadAllDepsIntoIdealTree
36 silly resolveWithNewModule zlib@1.0.5 checking installable status
37 silly cache add args [ 'zlib', null ]
38 verbose cache add spec zlib
39 silly cache add parsed spec Result {
39 silly cache add   raw: 'zlib',
39 silly cache add   scope: null,
39 silly cache add   name: 'zlib',
39 silly cache add   rawSpec: '',
39 silly cache add   spec: 'latest',
39 silly cache add   type: 'tag' }
40 silly addNamed zlib@latest
41 verbose addNamed "latest" is being treated as a dist-tag for zlib
42 info addNameTag [ 'zlib', 'latest' ]
43 silly mapToRegistry name zlib
44 silly mapToRegistry using default registry
45 silly mapToRegistry registry https://registry.npmjs.org/
46 silly mapToRegistry uri https://registry.npmjs.org/zlib
47 verbose addNameTag registry:https://registry.npmjs.org/zlib not in flight; fetching
48 verbose get https://registry.npmjs.org/zlib not expired, no request
49 silly addNameTag next cb for zlib with tag latest
50 silly addNamed zlib@1.0.5
51 verbose addNamed "1.0.5" is a plain semver version for zlib
52 silly cache afterAdd zlib@1.0.5
53 verbose afterAdd /Users/ssun098/.npm/zlib/1.0.5/package/package.json not in flight; writing
54 verbose afterAdd /Users/ssun098/.npm/zlib/1.0.5/package/package.json written
55 silly loadAllDepsIntoIdealTree Finishing
56 silly idealTree:prePrune socketchat@0.0.1
56 silly idealTree:prePrune ├── accepts@1.2.13
56 silly idealTree:prePrune ├── after@0.8.1
56 silly idealTree:prePrune ├── ansi-regex@2.0.0
56 silly idealTree:prePrune ├── ansi-styles@2.1.0
56 silly idealTree:prePrune ├── anymatch@1.3.0
56 silly idealTree:prePrune ├── arr-diff@2.0.0
56 silly idealTree:prePrune ├── arr-flatten@1.0.1
56 silly idealTree:prePrune ├── array-flatten@1.1.1
56 silly idealTree:prePrune ├── array-unique@0.2.1
56 silly idealTree:prePrune ├── arraybuffer.slice@0.0.6
56 silly idealTree:prePrune ├── arrify@1.0.1
56 silly idealTree:prePrune ├── asap@2.0.3
56 silly idealTree:prePrune ├── asn1@0.2.3
56 silly idealTree:prePrune ├── assert-plus@0.1.5
56 silly idealTree:prePrune ├── async-each@0.1.6
56 silly idealTree:prePrune ├── async@1.5.2
56 silly idealTree:prePrune ├── aws-sign2@0.6.0
56 silly idealTree:prePrune ├── backo2@1.0.2
56 silly idealTree:prePrune ├── balanced-match@0.3.0
56 silly idealTree:prePrune ├── base64-arraybuffer@0.1.2
56 silly idealTree:prePrune ├── base64id@0.1.0
56 silly idealTree:prePrune ├── benchmark@1.0.0
56 silly idealTree:prePrune ├── better-assert@1.0.2
56 silly idealTree:prePrune ├── binary-extensions@1.4.0
56 silly idealTree:prePrune ├── bl@1.0.1
56 silly idealTree:prePrune ├── blob@0.0.4
56 silly idealTree:prePrune ├── body-parser@1.14.2
56 silly idealTree:prePrune ├── boom@2.10.1
56 silly idealTree:prePrune ├── brace-expansion@1.1.2
56 silly idealTree:prePrune ├── braces@1.8.3
56 silly idealTree:prePrune ├── bytes@2.2.0
56 silly idealTree:prePrune ├── callsite@1.0.0
56 silly idealTree:prePrune ├── caseless@0.11.0
56 silly idealTree:prePrune ├── chalk@1.1.1
56 silly idealTree:prePrune ├── chokidar@1.4.2
56 silly idealTree:prePrune ├── combined-stream@1.0.5
56 silly idealTree:prePrune ├── commander@2.9.0
56 silly idealTree:prePrune ├── component-bind@1.0.0
56 silly idealTree:prePrune ├── component-emitter@1.1.2
56 silly idealTree:prePrune ├── component-inherit@0.0.3
56 silly idealTree:prePrune ├── concat-map@0.0.1
56 silly idealTree:prePrune ├── content-disposition@0.5.1
56 silly idealTree:prePrune ├── content-type@1.0.1
56 silly idealTree:prePrune ├── cookie-signature@1.0.6
56 silly idealTree:prePrune ├── cookie@0.1.5
56 silly idealTree:prePrune ├── core-util-is@1.0.2
56 silly idealTree:prePrune ├── cryptiles@2.0.5
56 silly idealTree:prePrune ├─┬ dashdash@1.12.2
56 silly idealTree:prePrune │ └── assert-plus@0.2.0
56 silly idealTree:prePrune ├── debug@2.2.0
56 silly idealTree:prePrune ├── delayed-stream@1.0.0
56 silly idealTree:prePrune ├── depd@1.1.0
56 silly idealTree:prePrune ├── destroy@1.0.4
56 silly idealTree:prePrune ├── ecc-jsbn@0.1.1
56 silly idealTree:prePrune ├── ee-first@1.1.1
56 silly idealTree:prePrune ├── engine.io-client@1.6.7
56 silly idealTree:prePrune ├─┬ engine.io-parser@1.2.4
56 silly idealTree:prePrune │ └── has-binary@0.1.6
56 silly idealTree:prePrune ├─┬ engine.io@1.6.7
56 silly idealTree:prePrune │ ├── accepts@1.1.4
56 silly idealTree:prePrune │ ├── mime-db@1.12.0
56 silly idealTree:prePrune │ ├── mime-types@2.0.14
56 silly idealTree:prePrune │ └── negotiator@0.4.9
56 silly idealTree:prePrune ├── escape-html@1.0.3
56 silly idealTree:prePrune ├── escape-string-regexp@1.0.4
56 silly idealTree:prePrune ├── etag@1.7.0
56 silly idealTree:prePrune ├── expand-brackets@0.1.4
56 silly idealTree:prePrune ├── expand-range@1.8.1
56 silly idealTree:prePrune ├─┬ express@4.13.4
56 silly idealTree:prePrune │ └── qs@4.0.0
56 silly idealTree:prePrune ├── extend@3.0.0
56 silly idealTree:prePrune ├── extglob@0.3.2
56 silly idealTree:prePrune ├── extsprintf@1.0.2
56 silly idealTree:prePrune ├── filename-regex@2.0.0
56 silly idealTree:prePrune ├── fill-range@2.2.3
56 silly idealTree:prePrune ├── finalhandler@0.4.1
56 silly idealTree:prePrune ├── for-in@0.1.4
56 silly idealTree:prePrune ├── for-own@0.1.3
56 silly idealTree:prePrune ├── forever-agent@0.6.1
56 silly idealTree:prePrune ├── form-data@1.0.0-rc3
56 silly idealTree:prePrune ├── forwarded@0.1.0
56 silly idealTree:prePrune ├── fresh@0.3.0
56 silly idealTree:prePrune ├─┬ fsevents@1.0.6
56 silly idealTree:prePrune │ ├── ansi-regex@2.0.0
56 silly idealTree:prePrune │ ├── ansi-styles@2.1.0
56 silly idealTree:prePrune │ ├── ansi@0.3.0
56 silly idealTree:prePrune │ ├── are-we-there-yet@1.0.4
56 silly idealTree:prePrune │ ├── asn1@0.2.3
56 silly idealTree:prePrune │ ├── assert-plus@0.1.5
56 silly idealTree:prePrune │ ├── async@1.5.0
56 silly idealTree:prePrune │ ├── aws-sign2@0.6.0
56 silly idealTree:prePrune │ ├─┬ bl@1.0.0
56 silly idealTree:prePrune │ │ └─┬ readable-stream@2.0.4
56 silly idealTree:prePrune │ │   ├── core-util-is@1.0.2
56 silly idealTree:prePrune │ │   ├── inherits@2.0.1
56 silly idealTree:prePrune │ │   ├── isarray@0.0.1
56 silly idealTree:prePrune │ │   ├── process-nextick-args@1.0.3
56 silly idealTree:prePrune │ │   ├── string_decoder@0.10.31
56 silly idealTree:prePrune │ │   └── util-deprecate@1.0.2
56 silly idealTree:prePrune │ ├── block-stream@0.0.8
56 silly idealTree:prePrune │ ├── boom@2.10.1
56 silly idealTree:prePrune │ ├── caseless@0.11.0
56 silly idealTree:prePrune │ ├── chalk@1.1.1
56 silly idealTree:prePrune │ ├── combined-stream@1.0.5
56 silly idealTree:prePrune │ ├── commander@2.9.0
56 silly idealTree:prePrune │ ├── core-util-is@1.0.2
56 silly idealTree:prePrune │ ├── cryptiles@2.0.5
56 silly idealTree:prePrune │ ├── dashdash@1.10.1
56 silly idealTree:prePrune │ ├── debug@0.7.4
56 silly idealTree:prePrune │ ├── deep-extend@0.4.0
56 silly idealTree:prePrune │ ├── delayed-stream@1.0.0
56 silly idealTree:prePrune │ ├── delegates@0.1.0
56 silly idealTree:prePrune │ ├── ecc-jsbn@0.1.1
56 silly idealTree:prePrune │ ├── escape-string-regexp@1.0.3
56 silly idealTree:prePrune │ ├── extend@3.0.0
56 silly idealTree:prePrune │ ├── extsprintf@1.0.2
56 silly idealTree:prePrune │ ├── forever-agent@0.6.1
56 silly idealTree:prePrune │ ├── form-data@1.0.0-rc3
56 silly idealTree:prePrune │ ├─┬ fstream-ignore@1.0.3
56 silly idealTree:prePrune │ │ └─┬ minimatch@3.0.0
56 silly idealTree:prePrune │ │   └─┬ brace-expansion@1.1.1
56 silly idealTree:prePrune │ │     ├── balanced-match@0.2.1
56 silly idealTree:prePrune │ │     └── concat-map@0.0.1
56 silly idealTree:prePrune │ ├── fstream@1.0.8
56 silly idealTree:prePrune │ ├── gauge@1.2.2
56 silly idealTree:prePrune │ ├── generate-function@2.0.0
56 silly idealTree:prePrune │ ├── generate-object-property@1.2.0
56 silly idealTree:prePrune │ ├── graceful-fs@4.1.2
56 silly idealTree:prePrune │ ├── graceful-readlink@1.0.1
56 silly idealTree:prePrune │ ├── har-validator@2.0.3
56 silly idealTree:prePrune │ ├── has-ansi@2.0.0
56 silly idealTree:prePrune │ ├── has-unicode@1.0.1
56 silly idealTree:prePrune │ ├── hawk@3.1.2
56 silly idealTree:prePrune │ ├── hoek@2.16.3
56 silly idealTree:prePrune │ ├── http-signature@1.1.0
56 silly idealTree:prePrune │ ├── inherits@2.0.1
56 silly idealTree:prePrune │ ├── ini@1.3.4
56 silly idealTree:prePrune │ ├── is-my-json-valid@2.12.3
56 silly idealTree:prePrune │ ├── is-property@1.0.2
56 silly idealTree:prePrune │ ├── is-typedarray@1.0.0
56 silly idealTree:prePrune │ ├── isarray@0.0.1
56 silly idealTree:prePrune │ ├── isstream@0.1.2
56 silly idealTree:prePrune │ ├── jodid25519@1.0.2
56 silly idealTree:prePrune │ ├── jsbn@0.1.0
56 silly idealTree:prePrune │ ├── json-schema@0.2.2
56 silly idealTree:prePrune │ ├── json-stringify-safe@5.0.1
56 silly idealTree:prePrune │ ├── jsonpointer@2.0.0
56 silly idealTree:prePrune │ ├── jsprim@1.2.2
56 silly idealTree:prePrune │ ├── lodash._basetostring@3.0.1
56 silly idealTree:prePrune │ ├── lodash._createpadding@3.6.1
56 silly idealTree:prePrune │ ├── lodash.pad@3.1.1
56 silly idealTree:prePrune │ ├── lodash.padleft@3.1.1
56 silly idealTree:prePrune │ ├── lodash.padright@3.1.1
56 silly idealTree:prePrune │ ├── lodash.repeat@3.0.1
56 silly idealTree:prePrune │ ├── mime-db@1.19.0
56 silly idealTree:prePrune │ ├── mime-types@2.1.7
56 silly idealTree:prePrune │ ├── minimist@0.0.8
56 silly idealTree:prePrune │ ├── mkdirp@0.5.1
56 silly idealTree:prePrune │ ├─┬ node-pre-gyp@0.6.17
56 silly idealTree:prePrune │ │ └─┬ nopt@3.0.6
56 silly idealTree:prePrune │ │   └── abbrev@1.0.7
56 silly idealTree:prePrune │ ├── node-uuid@1.4.7
56 silly idealTree:prePrune │ ├── npmlog@2.0.0
56 silly idealTree:prePrune │ ├── oauth-sign@0.8.0
56 silly idealTree:prePrune │ ├── once@1.1.1
56 silly idealTree:prePrune │ ├── pinkie-promise@2.0.0
56 silly idealTree:prePrune │ ├── pinkie@2.0.1
56 silly idealTree:prePrune │ ├── qs@5.2.0
56 silly idealTree:prePrune │ ├─┬ rc@1.1.5
56 silly idealTree:prePrune │ │ └── minimist@1.2.0
56 silly idealTree:prePrune │ ├── readable-stream@1.1.13
56 silly idealTree:prePrune │ ├── request@2.67.0
56 silly idealTree:prePrune │ ├─┬ rimraf@2.4.4
56 silly idealTree:prePrune │ │ └─┬ glob@5.0.15
56 silly idealTree:prePrune │ │   ├─┬ inflight@1.0.4
56 silly idealTree:prePrune │ │   │ └── wrappy@1.0.1
56 silly idealTree:prePrune │ │   ├── inherits@2.0.1
56 silly idealTree:prePrune │ │   ├─┬ minimatch@3.0.0
56 silly idealTree:prePrune │ │   │ └─┬ brace-expansion@1.1.1
56 silly idealTree:prePrune │ │   │   ├── balanced-match@0.2.1
56 silly idealTree:prePrune │ │   │   └── concat-map@0.0.1
56 silly idealTree:prePrune │ │   ├─┬ once@1.3.3
56 silly idealTree:prePrune │ │   │ └── wrappy@1.0.1
56 silly idealTree:prePrune │ │   └── path-is-absolute@1.0.0
56 silly idealTree:prePrune │ ├── semver@5.1.0
56 silly idealTree:prePrune │ ├── sntp@1.0.9
56 silly idealTree:prePrune │ ├─┬ sshpk@1.7.0
56 silly idealTree:prePrune │ │ └── assert-plus@0.2.0
56 silly idealTree:prePrune │ ├── string_decoder@0.10.31
56 silly idealTree:prePrune │ ├── stringstream@0.0.5
56 silly idealTree:prePrune │ ├── strip-ansi@3.0.0
56 silly idealTree:prePrune │ ├── strip-json-comments@1.0.4
56 silly idealTree:prePrune │ ├── supports-color@2.0.0
56 silly idealTree:prePrune │ ├─┬ tar-pack@3.1.0
56 silly idealTree:prePrune │ │ ├─┬ readable-stream@1.0.33
56 silly idealTree:prePrune │ │ │ ├── core-util-is@1.0.2
56 silly idealTree:prePrune │ │ │ ├── inherits@2.0.1
56 silly idealTree:prePrune │ │ │ ├── isarray@0.0.1
56 silly idealTree:prePrune │ │ │ └── string_decoder@0.10.31
56 silly idealTree:prePrune │ │ └── rimraf@2.2.8
56 silly idealTree:prePrune │ ├── tar@2.2.1
56 silly idealTree:prePrune │ ├── tough-cookie@2.2.1
56 silly idealTree:prePrune │ ├── tunnel-agent@0.4.1
56 silly idealTree:prePrune │ ├── tweetnacl@0.13.2
56 silly idealTree:prePrune │ ├── uid-number@0.0.3
56 silly idealTree:prePrune │ ├── verror@1.3.6
56 silly idealTree:prePrune │ └── xtend@4.0.1
56 silly idealTree:prePrune ├── generate-function@2.0.0
56 silly idealTree:prePrune ├── generate-object-property@1.2.0
56 silly idealTree:prePrune ├── glob-base@0.3.0
56 silly idealTree:prePrune ├── glob-parent@2.0.0
56 silly idealTree:prePrune ├── graceful-fs@4.1.2
56 silly idealTree:prePrune ├── graceful-readlink@1.0.1
56 silly idealTree:prePrune ├── har-validator@2.0.6
56 silly idealTree:prePrune ├── has-ansi@2.0.0
56 silly idealTree:prePrune ├── has-binary@0.1.7
56 silly idealTree:prePrune ├── has-cors@1.1.0
56 silly idealTree:prePrune ├── hawk@3.1.3
56 silly idealTree:prePrune ├── hoek@2.16.3
56 silly idealTree:prePrune ├── http-errors@1.3.1
56 silly idealTree:prePrune ├── http-signature@1.1.0
56 silly idealTree:prePrune ├── iconv-lite@0.4.13
56 silly idealTree:prePrune ├── indexof@0.0.1
56 silly idealTree:prePrune ├── inherits@2.0.1
56 silly idealTree:prePrune ├── ipaddr.js@1.0.5
56 silly idealTree:prePrune ├── is-binary-path@1.0.1
56 silly idealTree:prePrune ├── is-buffer@1.1.1
56 silly idealTree:prePrune ├── is-dotfile@1.0.2
56 silly idealTree:prePrune ├── is-equal-shallow@0.1.3
56 silly idealTree:prePrune ├── is-extendable@0.1.1
56 silly idealTree:prePrune ├── is-extglob@1.0.0
56 silly idealTree:prePrune ├── is-glob@2.0.1
56 silly idealTree:prePrune ├── is-my-json-valid@2.12.4
56 silly idealTree:prePrune ├── is-number@2.1.0
56 silly idealTree:prePrune ├── is-primitive@2.0.0
56 silly idealTree:prePrune ├── is-property@1.0.2
56 silly idealTree:prePrune ├── is-typedarray@1.0.0
56 silly idealTree:prePrune ├── isarray@0.0.1
56 silly idealTree:prePrune ├── isobject@2.0.0
56 silly idealTree:prePrune ├── isstream@0.1.2
56 silly idealTree:prePrune ├── jodid25519@1.0.2
56 silly idealTree:prePrune ├── jsbn@0.1.0
56 silly idealTree:prePrune ├── json-schema@0.2.2
56 silly idealTree:prePrune ├── json-stringify-safe@5.0.1
56 silly idealTree:prePrune ├── json3@3.2.6
56 silly idealTree:prePrune ├── jsonpointer@2.0.0
56 silly idealTree:prePrune ├── jsprim@1.2.2
56 silly idealTree:prePrune ├── kind-of@3.0.2
56 silly idealTree:prePrune ├── media-typer@0.3.0
56 silly idealTree:prePrune ├── merge-descriptors@1.0.1
56 silly idealTree:prePrune ├── methods@1.1.2
56 silly idealTree:prePrune ├── micromatch@2.3.7
56 silly idealTree:prePrune ├── mime-db@1.21.0
56 silly idealTree:prePrune ├── mime-types@2.1.9
56 silly idealTree:prePrune ├── mime@1.3.4
56 silly idealTree:prePrune ├── minimatch@2.0.10
56 silly idealTree:prePrune ├── minimist@0.0.10
56 silly idealTree:prePrune ├── ms@0.7.1
56 silly idealTree:prePrune ├── nan@2.2.0
56 silly idealTree:prePrune ├── negotiator@0.5.3
56 silly idealTree:prePrune ├── node-uuid@1.4.7
56 silly idealTree:prePrune ├── normalize-path@2.0.1
56 silly idealTree:prePrune ├── nunjucks@2.3.0
56 silly idealTree:prePrune ├── oauth-sign@0.8.0
56 silly idealTree:prePrune ├── object-component@0.0.3
56 silly idealTree:prePrune ├── object.omit@2.0.0
56 silly idealTree:prePrune ├── on-finished@2.3.0
56 silly idealTree:prePrune ├── optimist@0.6.1
56 silly idealTree:prePrune ├── options@0.0.6
56 silly idealTree:prePrune ├── parse-glob@3.0.4
56 silly idealTree:prePrune ├── parsejson@0.0.1
56 silly idealTree:prePrune ├── parseqs@0.0.2
56 silly idealTree:prePrune ├── parseuri@0.0.4
56 silly idealTree:prePrune ├── parseurl@1.3.1
56 silly idealTree:prePrune ├── path-is-absolute@1.0.0
56 silly idealTree:prePrune ├── path-to-regexp@0.1.7
56 silly idealTree:prePrune ├── pinkie-promise@2.0.0
56 silly idealTree:prePrune ├── pinkie@2.0.1
56 silly idealTree:prePrune ├── preserve@0.2.0
56 silly idealTree:prePrune ├── process-nextick-args@1.0.6
56 silly idealTree:prePrune ├── proxy-addr@1.0.10
56 silly idealTree:prePrune ├── qs@5.2.0
56 silly idealTree:prePrune ├── randomatic@1.1.5
56 silly idealTree:prePrune ├── range-parser@1.0.3
56 silly idealTree:prePrune ├── raw-body@2.1.5
56 silly idealTree:prePrune ├── readable-stream@2.0.5
56 silly idealTree:prePrune ├── readdirp@2.0.0
56 silly idealTree:prePrune ├── regex-cache@0.4.2
56 silly idealTree:prePrune ├── repeat-element@1.1.2
56 silly idealTree:prePrune ├── repeat-string@1.5.2
56 silly idealTree:prePrune ├── request@2.67.0
56 silly idealTree:prePrune ├── send@0.13.1
56 silly idealTree:prePrune ├── serve-static@1.10.2
56 silly idealTree:prePrune ├── sntp@1.0.9
56 silly idealTree:prePrune ├─┬ socket.io-adapter@0.4.0
56 silly idealTree:prePrune │ └─┬ socket.io-parser@2.2.2
56 silly idealTree:prePrune │   └── debug@0.7.4
56 silly idealTree:prePrune ├─┬ socket.io-client@1.4.4
56 silly idealTree:prePrune │ ├── component-emitter@1.2.0
56 silly idealTree:prePrune │ ├── json3@3.3.2
56 silly idealTree:prePrune │ └─┬ socket.io-parser@2.2.5
56 silly idealTree:prePrune │   └── component-emitter@1.1.2
56 silly idealTree:prePrune ├─┬ socket.io-parser@2.2.6
56 silly idealTree:prePrune │ └── json3@3.3.2
56 silly idealTree:prePrune ├── socket.io@1.4.4
56 silly idealTree:prePrune ├─┬ sshpk@1.7.3
56 silly idealTree:prePrune │ └── assert-plus@0.2.0
56 silly idealTree:prePrune ├── statuses@1.2.1
56 silly idealTree:prePrune ├── string_decoder@0.10.31
56 silly idealTree:prePrune ├── stringstream@0.0.5
56 silly idealTree:prePrune ├── strip-ansi@3.0.0
56 silly idealTree:prePrune ├── supports-color@2.0.0
56 silly idealTree:prePrune ├── to-array@0.1.3
56 silly idealTree:prePrune ├── tough-cookie@2.2.1
56 silly idealTree:prePrune ├── tunnel-agent@0.4.2
56 silly idealTree:prePrune ├── tweetnacl@0.13.3
56 silly idealTree:prePrune ├── type-is@1.6.10
56 silly idealTree:prePrune ├── ultron@1.0.2
56 silly idealTree:prePrune ├── unpipe@1.0.0
56 silly idealTree:prePrune ├── utf8@2.1.0
56 silly idealTree:prePrune ├── util-deprecate@1.0.2
56 silly idealTree:prePrune ├── utils-merge@1.0.0
56 silly idealTree:prePrune ├── vary@1.0.1
56 silly idealTree:prePrune ├── verror@1.3.6
56 silly idealTree:prePrune ├── wordwrap@0.0.3
56 silly idealTree:prePrune ├── ws@1.0.1
56 silly idealTree:prePrune ├── xmlhttprequest-ssl@1.5.1
56 silly idealTree:prePrune ├── xtend@4.0.1
56 silly idealTree:prePrune ├── yeast@0.1.2
56 silly idealTree:prePrune └── zlib@1.0.5
57 silly loadIdealTree Finishing
58 silly currentTree socketchat@0.0.1
58 silly currentTree ├── accepts@1.2.13
58 silly currentTree ├── after@0.8.1
58 silly currentTree ├── ansi-regex@2.0.0
58 silly currentTree ├── ansi-styles@2.1.0
58 silly currentTree ├── anymatch@1.3.0
58 silly currentTree ├── arr-diff@2.0.0
58 silly currentTree ├── arr-flatten@1.0.1
58 silly currentTree ├── array-flatten@1.1.1
58 silly currentTree ├── array-unique@0.2.1
58 silly currentTree ├── arraybuffer.slice@0.0.6
58 silly currentTree ├── arrify@1.0.1
58 silly currentTree ├── asap@2.0.3
58 silly currentTree ├── asn1@0.2.3
58 silly currentTree ├── assert-plus@0.1.5
58 silly currentTree ├── async-each@0.1.6
58 silly currentTree ├── async@1.5.2
58 silly currentTree ├── aws-sign2@0.6.0
58 silly currentTree ├── backo2@1.0.2
58 silly currentTree ├── balanced-match@0.3.0
58 silly currentTree ├── base64-arraybuffer@0.1.2
58 silly currentTree ├── base64id@0.1.0
58 silly currentTree ├── benchmark@1.0.0
58 silly currentTree ├── better-assert@1.0.2
58 silly currentTree ├── binary-extensions@1.4.0
58 silly currentTree ├── bl@1.0.1
58 silly currentTree ├── blob@0.0.4
58 silly currentTree ├── body-parser@1.14.2
58 silly currentTree ├── boom@2.10.1
58 silly currentTree ├── brace-expansion@1.1.2
58 silly currentTree ├── braces@1.8.3
58 silly currentTree ├── bytes@2.2.0
58 silly currentTree ├── callsite@1.0.0
58 silly currentTree ├── caseless@0.11.0
58 silly currentTree ├── chalk@1.1.1
58 silly currentTree ├── chokidar@1.4.2
58 silly currentTree ├── combined-stream@1.0.5
58 silly currentTree ├── commander@2.9.0
58 silly currentTree ├── component-bind@1.0.0
58 silly currentTree ├── component-emitter@1.1.2
58 silly currentTree ├── component-inherit@0.0.3
58 silly currentTree ├── concat-map@0.0.1
58 silly currentTree ├── content-disposition@0.5.1
58 silly currentTree ├── content-type@1.0.1
58 silly currentTree ├── cookie-signature@1.0.6
58 silly currentTree ├── cookie@0.1.5
58 silly currentTree ├── core-util-is@1.0.2
58 silly currentTree ├── cryptiles@2.0.5
58 silly currentTree ├─┬ dashdash@1.12.2
58 silly currentTree │ └── assert-plus@0.2.0
58 silly currentTree ├── debug@2.2.0
58 silly currentTree ├── delayed-stream@1.0.0
58 silly currentTree ├── depd@1.1.0
58 silly currentTree ├── destroy@1.0.4
58 silly currentTree ├── ecc-jsbn@0.1.1
58 silly currentTree ├── ee-first@1.1.1
58 silly currentTree ├── engine.io-client@1.6.7
58 silly currentTree ├─┬ engine.io-parser@1.2.4
58 silly currentTree │ └── has-binary@0.1.6
58 silly currentTree ├─┬ engine.io@1.6.7
58 silly currentTree │ ├── accepts@1.1.4
58 silly currentTree │ ├── mime-db@1.12.0
58 silly currentTree │ ├── mime-types@2.0.14
58 silly currentTree │ └── negotiator@0.4.9
58 silly currentTree ├── escape-html@1.0.3
58 silly currentTree ├── escape-string-regexp@1.0.4
58 silly currentTree ├── etag@1.7.0
58 silly currentTree ├── expand-brackets@0.1.4
58 silly currentTree ├── expand-range@1.8.1
58 silly currentTree ├─┬ express@4.13.4
58 silly currentTree │ └── qs@4.0.0
58 silly currentTree ├── extend@3.0.0
58 silly currentTree ├── extglob@0.3.2
58 silly currentTree ├── extsprintf@1.0.2
58 silly currentTree ├── filename-regex@2.0.0
58 silly currentTree ├── fill-range@2.2.3
58 silly currentTree ├── finalhandler@0.4.1
58 silly currentTree ├── for-in@0.1.4
58 silly currentTree ├── for-own@0.1.3
58 silly currentTree ├── forever-agent@0.6.1
58 silly currentTree ├── form-data@1.0.0-rc3
58 silly currentTree ├── forwarded@0.1.0
58 silly currentTree ├── fresh@0.3.0
58 silly currentTree ├─┬ fsevents@1.0.6
58 silly currentTree │ ├── ansi-regex@2.0.0
58 silly currentTree │ ├── ansi-styles@2.1.0
58 silly currentTree │ ├── ansi@0.3.0
58 silly currentTree │ ├── are-we-there-yet@1.0.4
58 silly currentTree │ ├── asn1@0.2.3
58 silly currentTree │ ├── assert-plus@0.1.5
58 silly currentTree │ ├── async@1.5.0
58 silly currentTree │ ├── aws-sign2@0.6.0
58 silly currentTree │ ├─┬ bl@1.0.0
58 silly currentTree │ │ └─┬ readable-stream@2.0.4
58 silly currentTree │ │   ├── core-util-is@1.0.2
58 silly currentTree │ │   ├── inherits@2.0.1
58 silly currentTree │ │   ├── isarray@0.0.1
58 silly currentTree │ │   ├── process-nextick-args@1.0.3
58 silly currentTree │ │   ├── string_decoder@0.10.31
58 silly currentTree │ │   └── util-deprecate@1.0.2
58 silly currentTree │ ├── block-stream@0.0.8
58 silly currentTree │ ├── boom@2.10.1
58 silly currentTree │ ├── caseless@0.11.0
58 silly currentTree │ ├── chalk@1.1.1
58 silly currentTree │ ├── combined-stream@1.0.5
58 silly currentTree │ ├── commander@2.9.0
58 silly currentTree │ ├── core-util-is@1.0.2
58 silly currentTree │ ├── cryptiles@2.0.5
58 silly currentTree │ ├── dashdash@1.10.1
58 silly currentTree │ ├── debug@0.7.4
58 silly currentTree │ ├── deep-extend@0.4.0
58 silly currentTree │ ├── delayed-stream@1.0.0
58 silly currentTree │ ├── delegates@0.1.0
58 silly currentTree │ ├── ecc-jsbn@0.1.1
58 silly currentTree │ ├── escape-string-regexp@1.0.3
58 silly currentTree │ ├── extend@3.0.0
58 silly currentTree │ ├── extsprintf@1.0.2
58 silly currentTree │ ├── forever-agent@0.6.1
58 silly currentTree │ ├── form-data@1.0.0-rc3
58 silly currentTree │ ├─┬ fstream-ignore@1.0.3
58 silly currentTree │ │ └─┬ minimatch@3.0.0
58 silly currentTree │ │   └─┬ brace-expansion@1.1.1
58 silly currentTree │ │     ├── balanced-match@0.2.1
58 silly currentTree │ │     └── concat-map@0.0.1
58 silly currentTree │ ├── fstream@1.0.8
58 silly currentTree │ ├── gauge@1.2.2
58 silly currentTree │ ├── generate-function@2.0.0
58 silly currentTree │ ├── generate-object-property@1.2.0
58 silly currentTree │ ├── graceful-fs@4.1.2
58 silly currentTree │ ├── graceful-readlink@1.0.1
58 silly currentTree │ ├── har-validator@2.0.3
58 silly currentTree │ ├── has-ansi@2.0.0
58 silly currentTree │ ├── has-unicode@1.0.1
58 silly currentTree │ ├── hawk@3.1.2
58 silly currentTree │ ├── hoek@2.16.3
58 silly currentTree │ ├── http-signature@1.1.0
58 silly currentTree │ ├── inherits@2.0.1
58 silly currentTree │ ├── ini@1.3.4
58 silly currentTree │ ├── is-my-json-valid@2.12.3
58 silly currentTree │ ├── is-property@1.0.2
58 silly currentTree │ ├── is-typedarray@1.0.0
58 silly currentTree │ ├── isarray@0.0.1
58 silly currentTree │ ├── isstream@0.1.2
58 silly currentTree │ ├── jodid25519@1.0.2
58 silly currentTree │ ├── jsbn@0.1.0
58 silly currentTree │ ├── json-schema@0.2.2
58 silly currentTree │ ├── json-stringify-safe@5.0.1
58 silly currentTree │ ├── jsonpointer@2.0.0
58 silly currentTree │ ├── jsprim@1.2.2
58 silly currentTree │ ├── lodash._basetostring@3.0.1
58 silly currentTree │ ├── lodash._createpadding@3.6.1
58 silly currentTree │ ├── lodash.pad@3.1.1
58 silly currentTree │ ├── lodash.padleft@3.1.1
58 silly currentTree │ ├── lodash.padright@3.1.1
58 silly currentTree │ ├── lodash.repeat@3.0.1
58 silly currentTree │ ├── mime-db@1.19.0
58 silly currentTree │ ├── mime-types@2.1.7
58 silly currentTree │ ├── minimist@0.0.8
58 silly currentTree │ ├── mkdirp@0.5.1
58 silly currentTree │ ├─┬ node-pre-gyp@0.6.17
58 silly currentTree │ │ └─┬ nopt@3.0.6
58 silly currentTree │ │   └── abbrev@1.0.7
58 silly currentTree │ ├── node-uuid@1.4.7
58 silly currentTree │ ├── npmlog@2.0.0
58 silly currentTree │ ├── oauth-sign@0.8.0
58 silly currentTree │ ├── once@1.1.1
58 silly currentTree │ ├── pinkie-promise@2.0.0
58 silly currentTree │ ├── pinkie@2.0.1
58 silly currentTree │ ├── qs@5.2.0
58 silly currentTree │ ├─┬ rc@1.1.5
58 silly currentTree │ │ └── minimist@1.2.0
58 silly currentTree │ ├── readable-stream@1.1.13
58 silly currentTree │ ├── request@2.67.0
58 silly currentTree │ ├─┬ rimraf@2.4.4
58 silly currentTree │ │ └─┬ glob@5.0.15
58 silly currentTree │ │   ├─┬ inflight@1.0.4
58 silly currentTree │ │   │ └── wrappy@1.0.1
58 silly currentTree │ │   ├── inherits@2.0.1
58 silly currentTree │ │   ├─┬ minimatch@3.0.0
58 silly currentTree │ │   │ └─┬ brace-expansion@1.1.1
58 silly currentTree │ │   │   ├── balanced-match@0.2.1
58 silly currentTree │ │   │   └── concat-map@0.0.1
58 silly currentTree │ │   ├─┬ once@1.3.3
58 silly currentTree │ │   │ └── wrappy@1.0.1
58 silly currentTree │ │   └── path-is-absolute@1.0.0
58 silly currentTree │ ├── semver@5.1.0
58 silly currentTree │ ├── sntp@1.0.9
58 silly currentTree │ ├─┬ sshpk@1.7.0
58 silly currentTree │ │ └── assert-plus@0.2.0
58 silly currentTree │ ├── string_decoder@0.10.31
58 silly currentTree │ ├── stringstream@0.0.5
58 silly currentTree │ ├── strip-ansi@3.0.0
58 silly currentTree │ ├── strip-json-comments@1.0.4
58 silly currentTree │ ├── supports-color@2.0.0
58 silly currentTree │ ├─┬ tar-pack@3.1.0
58 silly currentTree │ │ ├─┬ readable-stream@1.0.33
58 silly currentTree │ │ │ ├── core-util-is@1.0.2
58 silly currentTree │ │ │ ├── inherits@2.0.1
58 silly currentTree │ │ │ ├── isarray@0.0.1
58 silly currentTree │ │ │ └── string_decoder@0.10.31
58 silly currentTree │ │ └── rimraf@2.2.8
58 silly currentTree │ ├── tar@2.2.1
58 silly currentTree │ ├── tough-cookie@2.2.1
58 silly currentTree │ ├── tunnel-agent@0.4.1
58 silly currentTree │ ├── tweetnacl@0.13.2
58 silly currentTree │ ├── uid-number@0.0.3
58 silly currentTree │ ├── verror@1.3.6
58 silly currentTree │ └── xtend@4.0.1
58 silly currentTree ├── generate-function@2.0.0
58 silly currentTree ├── generate-object-property@1.2.0
58 silly currentTree ├── glob-base@0.3.0
58 silly currentTree ├── glob-parent@2.0.0
58 silly currentTree ├── graceful-fs@4.1.2
58 silly currentTree ├── graceful-readlink@1.0.1
58 silly currentTree ├── har-validator@2.0.6
58 silly currentTree ├── has-ansi@2.0.0
58 silly currentTree ├── has-binary@0.1.7
58 silly currentTree ├── has-cors@1.1.0
58 silly currentTree ├── hawk@3.1.3
58 silly currentTree ├── hoek@2.16.3
58 silly currentTree ├── http-errors@1.3.1
58 silly currentTree ├── http-signature@1.1.0
58 silly currentTree ├── iconv-lite@0.4.13
58 silly currentTree ├── indexof@0.0.1
58 silly currentTree ├── inherits@2.0.1
58 silly currentTree ├── ipaddr.js@1.0.5
58 silly currentTree ├── is-binary-path@1.0.1
58 silly currentTree ├── is-buffer@1.1.1
58 silly currentTree ├── is-dotfile@1.0.2
58 silly currentTree ├── is-equal-shallow@0.1.3
58 silly currentTree ├── is-extendable@0.1.1
58 silly currentTree ├── is-extglob@1.0.0
58 silly currentTree ├── is-glob@2.0.1
58 silly currentTree ├── is-my-json-valid@2.12.4
58 silly currentTree ├── is-number@2.1.0
58 silly currentTree ├── is-primitive@2.0.0
58 silly currentTree ├── is-property@1.0.2
58 silly currentTree ├── is-typedarray@1.0.0
58 silly currentTree ├── isarray@0.0.1
58 silly currentTree ├── isobject@2.0.0
58 silly currentTree ├── isstream@0.1.2
58 silly currentTree ├── jodid25519@1.0.2
58 silly currentTree ├── jsbn@0.1.0
58 silly currentTree ├── json-schema@0.2.2
58 silly currentTree ├── json-stringify-safe@5.0.1
58 silly currentTree ├── json3@3.2.6
58 silly currentTree ├── jsonpointer@2.0.0
58 silly currentTree ├── jsprim@1.2.2
58 silly currentTree ├── kind-of@3.0.2
58 silly currentTree ├── media-typer@0.3.0
58 silly currentTree ├── merge-descriptors@1.0.1
58 silly currentTree ├── methods@1.1.2
58 silly currentTree ├── micromatch@2.3.7
58 silly currentTree ├── mime-db@1.21.0
58 silly currentTree ├── mime-types@2.1.9
58 silly currentTree ├── mime@1.3.4
58 silly currentTree ├── minimatch@2.0.10
58 silly currentTree ├── minimist@0.0.10
58 silly currentTree ├── ms@0.7.1
58 silly currentTree ├── nan@2.2.0
58 silly currentTree ├── negotiator@0.5.3
58 silly currentTree ├── node-uuid@1.4.7
58 silly currentTree ├── normalize-path@2.0.1
58 silly currentTree ├── nunjucks@2.3.0
58 silly currentTree ├── oauth-sign@0.8.0
58 silly currentTree ├── object-component@0.0.3
58 silly currentTree ├── object.omit@2.0.0
58 silly currentTree ├── on-finished@2.3.0
58 silly currentTree ├── optimist@0.6.1
58 silly currentTree ├── options@0.0.6
58 silly currentTree ├── parse-glob@3.0.4
58 silly currentTree ├── parsejson@0.0.1
58 silly currentTree ├── parseqs@0.0.2
58 silly currentTree ├── parseuri@0.0.4
58 silly currentTree ├── parseurl@1.3.1
58 silly currentTree ├── path-is-absolute@1.0.0
58 silly currentTree ├── path-to-regexp@0.1.7
58 silly currentTree ├── pinkie-promise@2.0.0
58 silly currentTree ├── pinkie@2.0.1
58 silly currentTree ├── preserve@0.2.0
58 silly currentTree ├── process-nextick-args@1.0.6
58 silly currentTree ├── proxy-addr@1.0.10
58 silly currentTree ├── qs@5.2.0
58 silly currentTree ├── randomatic@1.1.5
58 silly currentTree ├── range-parser@1.0.3
58 silly currentTree ├── raw-body@2.1.5
58 silly currentTree ├── readable-stream@2.0.5
58 silly currentTree ├── readdirp@2.0.0
58 silly currentTree ├── regex-cache@0.4.2
58 silly currentTree ├── repeat-element@1.1.2
58 silly currentTree ├── repeat-string@1.5.2
58 silly currentTree ├── request@2.67.0
58 silly currentTree ├── send@0.13.1
58 silly currentTree ├── serve-static@1.10.2
58 silly currentTree ├── sntp@1.0.9
58 silly currentTree ├─┬ socket.io-adapter@0.4.0
58 silly currentTree │ └─┬ socket.io-parser@2.2.2
58 silly currentTree │   └── debug@0.7.4
58 silly currentTree ├─┬ socket.io-client@1.4.4
58 silly currentTree │ ├── component-emitter@1.2.0
58 silly currentTree │ ├── json3@3.3.2
58 silly currentTree │ └─┬ socket.io-parser@2.2.5
58 silly currentTree │   └── component-emitter@1.1.2
58 silly currentTree ├─┬ socket.io-parser@2.2.6
58 silly currentTree │ └── json3@3.3.2
58 silly currentTree ├── socket.io@1.4.4
58 silly currentTree ├─┬ sshpk@1.7.3
58 silly currentTree │ └── assert-plus@0.2.0
58 silly currentTree ├── statuses@1.2.1
58 silly currentTree ├── string_decoder@0.10.31
58 silly currentTree ├── stringstream@0.0.5
58 silly currentTree ├── strip-ansi@3.0.0
58 silly currentTree ├── supports-color@2.0.0
58 silly currentTree ├── to-array@0.1.3
58 silly currentTree ├── tough-cookie@2.2.1
58 silly currentTree ├── tunnel-agent@0.4.2
58 silly currentTree ├── tweetnacl@0.13.3
58 silly currentTree ├── type-is@1.6.10
58 silly currentTree ├── ultron@1.0.2
58 silly currentTree ├── unpipe@1.0.0
58 silly currentTree ├── utf8@2.1.0
58 silly currentTree ├── util-deprecate@1.0.2
58 silly currentTree ├── utils-merge@1.0.0
58 silly currentTree ├── vary@1.0.1
58 silly currentTree ├── verror@1.3.6
58 silly currentTree ├── wordwrap@0.0.3
58 silly currentTree ├── ws@1.0.1
58 silly currentTree ├── xmlhttprequest-ssl@1.5.1
58 silly currentTree ├── xtend@4.0.1
58 silly currentTree └── yeast@0.1.2
59 silly idealTree socketchat@0.0.1
59 silly idealTree ├── accepts@1.2.13
59 silly idealTree ├── after@0.8.1
59 silly idealTree ├── ansi-regex@2.0.0
59 silly idealTree ├── ansi-styles@2.1.0
59 silly idealTree ├── anymatch@1.3.0
59 silly idealTree ├── arr-diff@2.0.0
59 silly idealTree ├── arr-flatten@1.0.1
59 silly idealTree ├── array-flatten@1.1.1
59 silly idealTree ├── array-unique@0.2.1
59 silly idealTree ├── arraybuffer.slice@0.0.6
59 silly idealTree ├── arrify@1.0.1
59 silly idealTree ├── asap@2.0.3
59 silly idealTree ├── asn1@0.2.3
59 silly idealTree ├── assert-plus@0.1.5
59 silly idealTree ├── async-each@0.1.6
59 silly idealTree ├── async@1.5.2
59 silly idealTree ├── aws-sign2@0.6.0
59 silly idealTree ├── backo2@1.0.2
59 silly idealTree ├── balanced-match@0.3.0
59 silly idealTree ├── base64-arraybuffer@0.1.2
59 silly idealTree ├── base64id@0.1.0
59 silly idealTree ├── benchmark@1.0.0
59 silly idealTree ├── better-assert@1.0.2
59 silly idealTree ├── binary-extensions@1.4.0
59 silly idealTree ├── bl@1.0.1
59 silly idealTree ├── blob@0.0.4
59 silly idealTree ├── body-parser@1.14.2
59 silly idealTree ├── boom@2.10.1
59 silly idealTree ├── brace-expansion@1.1.2
59 silly idealTree ├── braces@1.8.3
59 silly idealTree ├── bytes@2.2.0
59 silly idealTree ├── callsite@1.0.0
59 silly idealTree ├── caseless@0.11.0
59 silly idealTree ├── chalk@1.1.1
59 silly idealTree ├── chokidar@1.4.2
59 silly idealTree ├── combined-stream@1.0.5
59 silly idealTree ├── commander@2.9.0
59 silly idealTree ├── component-bind@1.0.0
59 silly idealTree ├── component-emitter@1.1.2
59 silly idealTree ├── component-inherit@0.0.3
59 silly idealTree ├── concat-map@0.0.1
59 silly idealTree ├── content-disposition@0.5.1
59 silly idealTree ├── content-type@1.0.1
59 silly idealTree ├── cookie-signature@1.0.6
59 silly idealTree ├── cookie@0.1.5
59 silly idealTree ├── core-util-is@1.0.2
59 silly idealTree ├── cryptiles@2.0.5
59 silly idealTree ├─┬ dashdash@1.12.2
59 silly idealTree │ └── assert-plus@0.2.0
59 silly idealTree ├── debug@2.2.0
59 silly idealTree ├── delayed-stream@1.0.0
59 silly idealTree ├── depd@1.1.0
59 silly idealTree ├── destroy@1.0.4
59 silly idealTree ├── ecc-jsbn@0.1.1
59 silly idealTree ├── ee-first@1.1.1
59 silly idealTree ├── engine.io-client@1.6.7
59 silly idealTree ├─┬ engine.io-parser@1.2.4
59 silly idealTree │ └── has-binary@0.1.6
59 silly idealTree ├─┬ engine.io@1.6.7
59 silly idealTree │ ├── accepts@1.1.4
59 silly idealTree │ ├── mime-db@1.12.0
59 silly idealTree │ ├── mime-types@2.0.14
59 silly idealTree │ └── negotiator@0.4.9
59 silly idealTree ├── escape-html@1.0.3
59 silly idealTree ├── escape-string-regexp@1.0.4
59 silly idealTree ├── etag@1.7.0
59 silly idealTree ├── expand-brackets@0.1.4
59 silly idealTree ├── expand-range@1.8.1
59 silly idealTree ├─┬ express@4.13.4
59 silly idealTree │ └── qs@4.0.0
59 silly idealTree ├── extend@3.0.0
59 silly idealTree ├── extglob@0.3.2
59 silly idealTree ├── extsprintf@1.0.2
59 silly idealTree ├── filename-regex@2.0.0
59 silly idealTree ├── fill-range@2.2.3
59 silly idealTree ├── finalhandler@0.4.1
59 silly idealTree ├── for-in@0.1.4
59 silly idealTree ├── for-own@0.1.3
59 silly idealTree ├── forever-agent@0.6.1
59 silly idealTree ├── form-data@1.0.0-rc3
59 silly idealTree ├── forwarded@0.1.0
59 silly idealTree ├── fresh@0.3.0
59 silly idealTree ├─┬ fsevents@1.0.6
59 silly idealTree │ ├── ansi-regex@2.0.0
59 silly idealTree │ ├── ansi-styles@2.1.0
59 silly idealTree │ ├── ansi@0.3.0
59 silly idealTree │ ├── are-we-there-yet@1.0.4
59 silly idealTree │ ├── asn1@0.2.3
59 silly idealTree │ ├── assert-plus@0.1.5
59 silly idealTree │ ├── async@1.5.0
59 silly idealTree │ ├── aws-sign2@0.6.0
59 silly idealTree │ ├─┬ bl@1.0.0
59 silly idealTree │ │ └─┬ readable-stream@2.0.4
59 silly idealTree │ │   ├── core-util-is@1.0.2
59 silly idealTree │ │   ├── inherits@2.0.1
59 silly idealTree │ │   ├── isarray@0.0.1
59 silly idealTree │ │   ├── process-nextick-args@1.0.3
59 silly idealTree │ │   ├── string_decoder@0.10.31
59 silly idealTree │ │   └── util-deprecate@1.0.2
59 silly idealTree │ ├── block-stream@0.0.8
59 silly idealTree │ ├── boom@2.10.1
59 silly idealTree │ ├── caseless@0.11.0
59 silly idealTree │ ├── chalk@1.1.1
59 silly idealTree │ ├── combined-stream@1.0.5
59 silly idealTree │ ├── commander@2.9.0
59 silly idealTree │ ├── core-util-is@1.0.2
59 silly idealTree │ ├── cryptiles@2.0.5
59 silly idealTree │ ├── dashdash@1.10.1
59 silly idealTree │ ├── debug@0.7.4
59 silly idealTree │ ├── deep-extend@0.4.0
59 silly idealTree │ ├── delayed-stream@1.0.0
59 silly idealTree │ ├── delegates@0.1.0
59 silly idealTree │ ├── ecc-jsbn@0.1.1
59 silly idealTree │ ├── escape-string-regexp@1.0.3
59 silly idealTree │ ├── extend@3.0.0
59 silly idealTree │ ├── extsprintf@1.0.2
59 silly idealTree │ ├── forever-agent@0.6.1
59 silly idealTree │ ├── form-data@1.0.0-rc3
59 silly idealTree │ ├─┬ fstream-ignore@1.0.3
59 silly idealTree │ │ └─┬ minimatch@3.0.0
59 silly idealTree │ │   └─┬ brace-expansion@1.1.1
59 silly idealTree │ │     ├── balanced-match@0.2.1
59 silly idealTree │ │     └── concat-map@0.0.1
59 silly idealTree │ ├── fstream@1.0.8
59 silly idealTree │ ├── gauge@1.2.2
59 silly idealTree │ ├── generate-function@2.0.0
59 silly idealTree │ ├── generate-object-property@1.2.0
59 silly idealTree │ ├── graceful-fs@4.1.2
59 silly idealTree │ ├── graceful-readlink@1.0.1
59 silly idealTree │ ├── har-validator@2.0.3
59 silly idealTree │ ├── has-ansi@2.0.0
59 silly idealTree │ ├── has-unicode@1.0.1
59 silly idealTree │ ├── hawk@3.1.2
59 silly idealTree │ ├── hoek@2.16.3
59 silly idealTree │ ├── http-signature@1.1.0
59 silly idealTree │ ├── inherits@2.0.1
59 silly idealTree │ ├── ini@1.3.4
59 silly idealTree │ ├── is-my-json-valid@2.12.3
59 silly idealTree │ ├── is-property@1.0.2
59 silly idealTree │ ├── is-typedarray@1.0.0
59 silly idealTree │ ├── isarray@0.0.1
59 silly idealTree │ ├── isstream@0.1.2
59 silly idealTree │ ├── jodid25519@1.0.2
59 silly idealTree │ ├── jsbn@0.1.0
59 silly idealTree │ ├── json-schema@0.2.2
59 silly idealTree │ ├── json-stringify-safe@5.0.1
59 silly idealTree │ ├── jsonpointer@2.0.0
59 silly idealTree │ ├── jsprim@1.2.2
59 silly idealTree │ ├── lodash._basetostring@3.0.1
59 silly idealTree │ ├── lodash._createpadding@3.6.1
59 silly idealTree │ ├── lodash.pad@3.1.1
59 silly idealTree │ ├── lodash.padleft@3.1.1
59 silly idealTree │ ├── lodash.padright@3.1.1
59 silly idealTree │ ├── lodash.repeat@3.0.1
59 silly idealTree │ ├── mime-db@1.19.0
59 silly idealTree │ ├── mime-types@2.1.7
59 silly idealTree │ ├── minimist@0.0.8
59 silly idealTree │ ├── mkdirp@0.5.1
59 silly idealTree │ ├─┬ node-pre-gyp@0.6.17
59 silly idealTree │ │ └─┬ nopt@3.0.6
59 silly idealTree │ │   └── abbrev@1.0.7
59 silly idealTree │ ├── node-uuid@1.4.7
59 silly idealTree │ ├── npmlog@2.0.0
59 silly idealTree │ ├── oauth-sign@0.8.0
59 silly idealTree │ ├── once@1.1.1
59 silly idealTree │ ├── pinkie-promise@2.0.0
59 silly idealTree │ ├── pinkie@2.0.1
59 silly idealTree │ ├── qs@5.2.0
59 silly idealTree │ ├─┬ rc@1.1.5
59 silly idealTree │ │ └── minimist@1.2.0
59 silly idealTree │ ├── readable-stream@1.1.13
59 silly idealTree │ ├── request@2.67.0
59 silly idealTree │ ├─┬ rimraf@2.4.4
59 silly idealTree │ │ └─┬ glob@5.0.15
59 silly idealTree │ │   ├─┬ inflight@1.0.4
59 silly idealTree │ │   │ └── wrappy@1.0.1
59 silly idealTree │ │   ├── inherits@2.0.1
59 silly idealTree │ │   ├─┬ minimatch@3.0.0
59 silly idealTree │ │   │ └─┬ brace-expansion@1.1.1
59 silly idealTree │ │   │   ├── balanced-match@0.2.1
59 silly idealTree │ │   │   └── concat-map@0.0.1
59 silly idealTree │ │   ├─┬ once@1.3.3
59 silly idealTree │ │   │ └── wrappy@1.0.1
59 silly idealTree │ │   └── path-is-absolute@1.0.0
59 silly idealTree │ ├── semver@5.1.0
59 silly idealTree │ ├── sntp@1.0.9
59 silly idealTree │ ├─┬ sshpk@1.7.0
59 silly idealTree │ │ └── assert-plus@0.2.0
59 silly idealTree │ ├── string_decoder@0.10.31
59 silly idealTree │ ├── stringstream@0.0.5
59 silly idealTree │ ├── strip-ansi@3.0.0
59 silly idealTree │ ├── strip-json-comments@1.0.4
59 silly idealTree │ ├── supports-color@2.0.0
59 silly idealTree │ ├─┬ tar-pack@3.1.0
59 silly idealTree │ │ ├─┬ readable-stream@1.0.33
59 silly idealTree │ │ │ ├── core-util-is@1.0.2
59 silly idealTree │ │ │ ├── inherits@2.0.1
59 silly idealTree │ │ │ ├── isarray@0.0.1
59 silly idealTree │ │ │ └── string_decoder@0.10.31
59 silly idealTree │ │ └── rimraf@2.2.8
59 silly idealTree │ ├── tar@2.2.1
59 silly idealTree │ ├── tough-cookie@2.2.1
59 silly idealTree │ ├── tunnel-agent@0.4.1
59 silly idealTree │ ├── tweetnacl@0.13.2
59 silly idealTree │ ├── uid-number@0.0.3
59 silly idealTree │ ├── verror@1.3.6
59 silly idealTree │ └── xtend@4.0.1
59 silly idealTree ├── generate-function@2.0.0
59 silly idealTree ├── generate-object-property@1.2.0
59 silly idealTree ├── glob-base@0.3.0
59 silly idealTree ├── glob-parent@2.0.0
59 silly idealTree ├── graceful-fs@4.1.2
59 silly idealTree ├── graceful-readlink@1.0.1
59 silly idealTree ├── har-validator@2.0.6
59 silly idealTree ├── has-ansi@2.0.0
59 silly idealTree ├── has-binary@0.1.7
59 silly idealTree ├── has-cors@1.1.0
59 silly idealTree ├── hawk@3.1.3
59 silly idealTree ├── hoek@2.16.3
59 silly idealTree ├── http-errors@1.3.1
59 silly idealTree ├── http-signature@1.1.0
59 silly idealTree ├── iconv-lite@0.4.13
59 silly idealTree ├── indexof@0.0.1
59 silly idealTree ├── inherits@2.0.1
59 silly idealTree ├── ipaddr.js@1.0.5
59 silly idealTree ├── is-binary-path@1.0.1
59 silly idealTree ├── is-buffer@1.1.1
59 silly idealTree ├── is-dotfile@1.0.2
59 silly idealTree ├── is-equal-shallow@0.1.3
59 silly idealTree ├── is-extendable@0.1.1
59 silly idealTree ├── is-extglob@1.0.0
59 silly idealTree ├── is-glob@2.0.1
59 silly idealTree ├── is-my-json-valid@2.12.4
59 silly idealTree ├── is-number@2.1.0
59 silly idealTree ├── is-primitive@2.0.0
59 silly idealTree ├── is-property@1.0.2
59 silly idealTree ├── is-typedarray@1.0.0
59 silly idealTree ├── isarray@0.0.1
59 silly idealTree ├── isobject@2.0.0
59 silly idealTree ├── isstream@0.1.2
59 silly idealTree ├── jodid25519@1.0.2
59 silly idealTree ├── jsbn@0.1.0
59 silly idealTree ├── json-schema@0.2.2
59 silly idealTree ├── json-stringify-safe@5.0.1
59 silly idealTree ├── json3@3.2.6
59 silly idealTree ├── jsonpointer@2.0.0
59 silly idealTree ├── jsprim@1.2.2
59 silly idealTree ├── kind-of@3.0.2
59 silly idealTree ├── media-typer@0.3.0
59 silly idealTree ├── merge-descriptors@1.0.1
59 silly idealTree ├── methods@1.1.2
59 silly idealTree ├── micromatch@2.3.7
59 silly idealTree ├── mime-db@1.21.0
59 silly idealTree ├── mime-types@2.1.9
59 silly idealTree ├── mime@1.3.4
59 silly idealTree ├── minimatch@2.0.10
59 silly idealTree ├── minimist@0.0.10
59 silly idealTree ├── ms@0.7.1
59 silly idealTree ├── nan@2.2.0
59 silly idealTree ├── negotiator@0.5.3
59 silly idealTree ├── node-uuid@1.4.7
59 silly idealTree ├── normalize-path@2.0.1
59 silly idealTree ├── nunjucks@2.3.0
59 silly idealTree ├── oauth-sign@0.8.0
59 silly idealTree ├── object-component@0.0.3
59 silly idealTree ├── object.omit@2.0.0
59 silly idealTree ├── on-finished@2.3.0
59 silly idealTree ├── optimist@0.6.1
59 silly idealTree ├── options@0.0.6
59 silly idealTree ├── parse-glob@3.0.4
59 silly idealTree ├── parsejson@0.0.1
59 silly idealTree ├── parseqs@0.0.2
59 silly idealTree ├── parseuri@0.0.4
59 silly idealTree ├── parseurl@1.3.1
59 silly idealTree ├── path-is-absolute@1.0.0
59 silly idealTree ├── path-to-regexp@0.1.7
59 silly idealTree ├── pinkie-promise@2.0.0
59 silly idealTree ├── pinkie@2.0.1
59 silly idealTree ├── preserve@0.2.0
59 silly idealTree ├── process-nextick-args@1.0.6
59 silly idealTree ├── proxy-addr@1.0.10
59 silly idealTree ├── qs@5.2.0
59 silly idealTree ├── randomatic@1.1.5
59 silly idealTree ├── range-parser@1.0.3
59 silly idealTree ├── raw-body@2.1.5
59 silly idealTree ├── readable-stream@2.0.5
59 silly idealTree ├── readdirp@2.0.0
59 silly idealTree ├── regex-cache@0.4.2
59 silly idealTree ├── repeat-element@1.1.2
59 silly idealTree ├── repeat-string@1.5.2
59 silly idealTree ├── request@2.67.0
59 silly idealTree ├── send@0.13.1
59 silly idealTree ├── serve-static@1.10.2
59 silly idealTree ├── sntp@1.0.9
59 silly idealTree ├─┬ socket.io-adapter@0.4.0
59 silly idealTree │ └─┬ socket.io-parser@2.2.2
59 silly idealTree │   └── debug@0.7.4
59 silly idealTree ├─┬ socket.io-client@1.4.4
59 silly idealTree │ ├── component-emitter@1.2.0
59 silly idealTree │ ├── json3@3.3.2
59 silly idealTree │ └─┬ socket.io-parser@2.2.5
59 silly idealTree │   └── component-emitter@1.1.2
59 silly idealTree ├─┬ socket.io-parser@2.2.6
59 silly idealTree │ └── json3@3.3.2
59 silly idealTree ├── socket.io@1.4.4
59 silly idealTree ├─┬ sshpk@1.7.3
59 silly idealTree │ └── assert-plus@0.2.0
59 silly idealTree ├── statuses@1.2.1
59 silly idealTree ├── string_decoder@0.10.31
59 silly idealTree ├── stringstream@0.0.5
59 silly idealTree ├── strip-ansi@3.0.0
59 silly idealTree ├── supports-color@2.0.0
59 silly idealTree ├── to-array@0.1.3
59 silly idealTree ├── tough-cookie@2.2.1
59 silly idealTree ├── tunnel-agent@0.4.2
59 silly idealTree ├── tweetnacl@0.13.3
59 silly idealTree ├── type-is@1.6.10
59 silly idealTree ├── ultron@1.0.2
59 silly idealTree ├── unpipe@1.0.0
59 silly idealTree ├── utf8@2.1.0
59 silly idealTree ├── util-deprecate@1.0.2
59 silly idealTree ├── utils-merge@1.0.0
59 silly idealTree ├── vary@1.0.1
59 silly idealTree ├── verror@1.3.6
59 silly idealTree ├── wordwrap@0.0.3
59 silly idealTree ├── ws@1.0.1
59 silly idealTree ├── xmlhttprequest-ssl@1.5.1
59 silly idealTree ├── xtend@4.0.1
59 silly idealTree ├── yeast@0.1.2
59 silly idealTree └── zlib@1.0.5
60 silly generateActionsToTake Starting
61 silly install generateActionsToTake
62 silly generateActionsToTake Finishing
63 silly diffTrees action count 3
64 silly diffTrees update body-parser@1.14.2
65 silly diffTrees update request@2.67.0
66 silly diffTrees add zlib@1.0.5
67 silly decomposeActions action count 24
68 silly decomposeActions fetch body-parser@1.14.2
69 silly decomposeActions extract body-parser@1.14.2
70 silly decomposeActions test body-parser@1.14.2
71 silly decomposeActions preinstall body-parser@1.14.2
72 silly decomposeActions build body-parser@1.14.2
73 silly decomposeActions install body-parser@1.14.2
74 silly decomposeActions postinstall body-parser@1.14.2
75 silly decomposeActions finalize body-parser@1.14.2
76 silly decomposeActions fetch request@2.67.0
77 silly decomposeActions extract request@2.67.0
78 silly decomposeActions test request@2.67.0
79 silly decomposeActions preinstall request@2.67.0
80 silly decomposeActions build request@2.67.0
81 silly decomposeActions install request@2.67.0
82 silly decomposeActions postinstall request@2.67.0
83 silly decomposeActions finalize request@2.67.0
84 silly decomposeActions fetch zlib@1.0.5
85 silly decomposeActions extract zlib@1.0.5
86 silly decomposeActions test zlib@1.0.5
87 silly decomposeActions preinstall zlib@1.0.5
88 silly decomposeActions build zlib@1.0.5
89 silly decomposeActions install zlib@1.0.5
90 silly decomposeActions postinstall zlib@1.0.5
91 silly decomposeActions finalize zlib@1.0.5
92 silly executeActions Starting
93 silly install executeActions
94 silly doSerial global-install 0
95 silly doParallel fetch 3
96 verbose lock using /Users/ssun098/.npm/_locks/staging-35b28e26f7265a5d.lock for /Users/ssun098/Dropbox/compsci/githubFiles/EveryChat/socketchat/node_modules/.staging
97 silly doParallel extract 3
98 silly extract body-parser@1.14.2
99 silly extract request@2.67.0
100 silly extract zlib@1.0.5
101 verbose unbuild node_modules/.staging/body-parser-3ffcedc1
102 verbose unbuild node_modules/.staging/request-000f24b1
103 verbose unbuild node_modules/.staging/zlib-011db9c3
104 silly gentlyRm /Users/ssun098/Dropbox/compsci/githubFiles/EveryChat/socketchat/node_modules/.staging/body-parser-3ffcedc1 is being purged from base /Users/ssun098/Dropbox/compsci/githubFiles/EveryChat/socketchat
105 verbose gentlyRm don't care about contents; nuking /Users/ssun098/Dropbox/compsci/githubFiles/EveryChat/socketchat/node_modules/.staging/body-parser-3ffcedc1
106 silly gentlyRm /Users/ssun098/Dropbox/compsci/githubFiles/EveryChat/socketchat/node_modules/.staging/request-000f24b1 is being purged from base /Users/ssun098/Dropbox/compsci/githubFiles/EveryChat/socketchat
107 verbose gentlyRm don't care about contents; nuking /Users/ssun098/Dropbox/compsci/githubFiles/EveryChat/socketchat/node_modules/.staging/request-000f24b1
108 silly gentlyRm /Users/ssun098/Dropbox/compsci/githubFiles/EveryChat/socketchat/node_modules/.staging/zlib-011db9c3 is being purged from base /Users/ssun098/Dropbox/compsci/githubFiles/EveryChat/socketchat
109 verbose gentlyRm don't care about contents; nuking /Users/ssun098/Dropbox/compsci/githubFiles/EveryChat/socketchat/node_modules/.staging/zlib-011db9c3
110 verbose tar unpack /Users/ssun098/.npm/body-parser/1.14.2/package.tgz
111 verbose tar unpacking to /Users/ssun098/Dropbox/compsci/githubFiles/EveryChat/socketchat/node_modules/.staging/body-parser-3ffcedc1
112 silly gentlyRm /Users/ssun098/Dropbox/compsci/githubFiles/EveryChat/socketchat/node_modules/.staging/body-parser-3ffcedc1 is being purged
113 verbose gentlyRm don't care about contents; nuking /Users/ssun098/Dropbox/compsci/githubFiles/EveryChat/socketchat/node_modules/.staging/body-parser-3ffcedc1
114 verbose tar unpack /Users/ssun098/.npm/request/2.67.0/package.tgz
115 verbose tar unpacking to /Users/ssun098/Dropbox/compsci/githubFiles/EveryChat/socketchat/node_modules/.staging/request-000f24b1
116 silly gentlyRm /Users/ssun098/Dropbox/compsci/githubFiles/EveryChat/socketchat/node_modules/.staging/request-000f24b1 is being purged
117 verbose gentlyRm don't care about contents; nuking /Users/ssun098/Dropbox/compsci/githubFiles/EveryChat/socketchat/node_modules/.staging/request-000f24b1
118 verbose tar unpack /Users/ssun098/.npm/zlib/1.0.5/package.tgz
119 verbose tar unpacking to /Users/ssun098/Dropbox/compsci/githubFiles/EveryChat/socketchat/node_modules/.staging/zlib-011db9c3
120 silly gentlyRm /Users/ssun098/Dropbox/compsci/githubFiles/EveryChat/socketchat/node_modules/.staging/zlib-011db9c3 is being purged
121 verbose gentlyRm don't care about contents; nuking /Users/ssun098/Dropbox/compsci/githubFiles/EveryChat/socketchat/node_modules/.staging/zlib-011db9c3
122 silly gunzTarPerm modes [ '755', '644' ]
123 silly gunzTarPerm modes [ '755', '644' ]
124 silly gunzTarPerm modes [ '755', '644' ]
125 silly gunzTarPerm extractEntry package.json
126 silly gunzTarPerm modified mode [ 'package.json', 438, 420 ]
127 silly gunzTarPerm extractEntry package.json
128 silly gunzTarPerm modified mode [ 'package.json', 436, 420 ]
129 silly gunzTarPerm extractEntry .gitignore
130 silly gunzTarPerm extractEntry README.md
131 silly gunzTarPerm modified mode [ 'README.md', 438, 420 ]
132 silly gunzTarPerm extractEntry LICENSE
133 silly gunzTarPerm modified mode [ 'LICENSE', 438, 420 ]
134 silly gunzTarPerm extractEntry index.js
135 silly gunzTarPerm modified mode [ 'index.js', 438, 420 ]
136 silly gunzTarPerm extractEntry HISTORY.md
137 silly gunzTarPerm modified mode [ 'HISTORY.md', 438, 420 ]
138 silly gunzTarPerm extractEntry lib/read.js
139 silly gunzTarPerm modified mode [ 'lib/read.js', 438, 420 ]
140 silly gunzTarPerm extractEntry lib/types/json.js
141 silly gunzTarPerm modified mode [ 'lib/types/json.js', 438, 420 ]
142 silly gunzTarPerm extractEntry lib/types/raw.js
143 silly gunzTarPerm modified mode [ 'lib/types/raw.js', 438, 420 ]
144 silly gunzTarPerm extractEntry lib/types/text.js
145 silly gunzTarPerm modified mode [ 'lib/types/text.js', 438, 420 ]
146 silly gunzTarPerm extractEntry lib/types/urlencoded.js
147 silly gunzTarPerm modified mode [ 'lib/types/urlencoded.js', 438, 420 ]
148 silly gunzTarPerm extractEntry .npmignore
149 silly gunzTarPerm modified mode [ '.npmignore', 436, 420 ]
150 silly gunzTarPerm extractEntry README.md
151 silly gunzTarPerm modified mode [ 'README.md', 436, 420 ]
152 silly gunzTarPerm extractEntry configure
153 silly gunzTarPerm extractEntry index.js
154 silly gunzTarPerm extractEntry LICENSE
155 silly gunzTarPerm extractEntry Makefile
156 silly gunzTarPerm extractEntry LICENSE
157 silly gunzTarPerm modified mode [ 'LICENSE', 436, 420 ]
158 silly gunzTarPerm extractEntry index.js
159 silly gunzTarPerm modified mode [ 'index.js', 509, 493 ]
160 silly gunzTarPerm extractEntry request.js
161 silly gunzTarPerm modified mode [ 'request.js', 436, 420 ]
162 silly gunzTarPerm extractEntry .travis.yml
163 silly gunzTarPerm modified mode [ '.travis.yml', 436, 420 ]
164 silly gunzTarPerm extractEntry package.json
165 silly gunzTarPerm extractEntry README.md
166 silly gunzTarPerm extractEntry CHANGELOG.md
167 silly gunzTarPerm modified mode [ 'CHANGELOG.md', 436, 420 ]
168 silly gunzTarPerm extractEntry lib/auth.js
169 silly gunzTarPerm modified mode [ 'lib/auth.js', 436, 420 ]
170 silly gunzTarPerm extractEntry wscript
171 silly gunzTarPerm extractEntry lib/zlib.js
172 silly gunzTarPerm extractEntry lib/cookies.js
173 silly gunzTarPerm modified mode [ 'lib/cookies.js', 436, 420 ]
174 silly gunzTarPerm extractEntry lib/getProxyFromURI.js
175 silly gunzTarPerm modified mode [ 'lib/getProxyFromURI.js', 436, 420 ]
176 silly gunzTarPerm extractEntry src/node-zlib.cc
177 silly gunzTarPerm extractEntry test/deflate.test.js
178 silly gunzTarPerm extractEntry test/inflate.test.js
179 silly gunzTarPerm extractEntry lib/har.js
180 silly gunzTarPerm modified mode [ 'lib/har.js', 436, 420 ]
181 silly gunzTarPerm extractEntry lib/helpers.js
182 silly gunzTarPerm modified mode [ 'lib/helpers.js', 436, 420 ]
183 silly gunzTarPerm extractEntry lib/multipart.js
184 silly gunzTarPerm modified mode [ 'lib/multipart.js', 436, 420 ]
185 silly gunzTarPerm extractEntry lib/oauth.js
186 silly gunzTarPerm modified mode [ 'lib/oauth.js', 436, 420 ]
187 silly gunzTarPerm extractEntry lib/querystring.js
188 silly gunzTarPerm modified mode [ 'lib/querystring.js', 436, 420 ]
189 silly gunzTarPerm extractEntry lib/redirect.js
190 silly gunzTarPerm modified mode [ 'lib/redirect.js', 436, 420 ]
191 silly gunzTarPerm extractEntry lib/tunnel.js
192 silly gunzTarPerm modified mode [ 'lib/tunnel.js', 436, 420 ]
193 silly gunzTarPerm extractEntry CONTRIBUTING.md
194 silly gunzTarPerm modified mode [ 'CONTRIBUTING.md', 436, 420 ]
195 silly gunzTarPerm extractEntry .eslintrc
196 silly gunzTarPerm modified mode [ '.eslintrc', 436, 420 ]
197 silly gentlyRm /Users/ssun098/Dropbox/compsci/githubFiles/EveryChat/socketchat/node_modules/.staging/body-parser-3ffcedc1/node_modules is being purged
198 verbose gentlyRm don't care about contents; nuking /Users/ssun098/Dropbox/compsci/githubFiles/EveryChat/socketchat/node_modules/.staging/body-parser-3ffcedc1/node_modules
199 silly gentlyRm /Users/ssun098/Dropbox/compsci/githubFiles/EveryChat/socketchat/node_modules/.staging/zlib-011db9c3/node_modules is being purged
200 verbose gentlyRm don't care about contents; nuking /Users/ssun098/Dropbox/compsci/githubFiles/EveryChat/socketchat/node_modules/.staging/zlib-011db9c3/node_modules
201 silly gentlyRm /Users/ssun098/Dropbox/compsci/githubFiles/EveryChat/socketchat/node_modules/.staging/request-000f24b1/node_modules is being purged
202 verbose gentlyRm don't care about contents; nuking /Users/ssun098/Dropbox/compsci/githubFiles/EveryChat/socketchat/node_modules/.staging/request-000f24b1/node_modules
203 silly doParallel preinstall 3
204 silly preinstall body-parser@1.14.2 /Users/ssun098/Dropbox/compsci/githubFiles/EveryChat/socketchat/node_modules/.staging/body-parser-3ffcedc1
205 info lifecycle body-parser@1.14.2~preinstall: body-parser@1.14.2
206 silly preinstall request@2.67.0 /Users/ssun098/Dropbox/compsci/githubFiles/EveryChat/socketchat/node_modules/.staging/request-000f24b1
207 info lifecycle request@2.67.0~preinstall: request@2.67.0
208 silly preinstall zlib@1.0.5 /Users/ssun098/Dropbox/compsci/githubFiles/EveryChat/socketchat/node_modules/.staging/zlib-011db9c3
209 info lifecycle zlib@1.0.5~preinstall: zlib@1.0.5
210 silly lifecycle body-parser@1.14.2~preinstall: no script for preinstall, continuing
211 silly lifecycle request@2.67.0~preinstall: no script for preinstall, continuing
212 verbose lifecycle zlib@1.0.5~preinstall: unsafe-perm in lifecycle true
213 verbose lifecycle zlib@1.0.5~preinstall: PATH: /usr/local/lib/node_modules/npm/bin/node-gyp-bin:/Users/ssun098/Dropbox/compsci/githubFiles/EveryChat/socketchat/node_modules/.staging/zlib-011db9c3/node_modules/.bin:/Users/ssun098/Dropbox/compsci/githubFiles/EveryChat/socketchat/node_modules/.bin:/Library/Frameworks/Python.framework/Versions/3.5/bin:/usr/local/bin:/usr/bin:/bin:/usr/sbin:/sbin:/opt/X11/bin:/usr/local/MacGPG2/bin:/Users/ssun098/.rvm/bin
214 verbose lifecycle zlib@1.0.5~preinstall: CWD: /Users/ssun098/Dropbox/compsci/githubFiles/EveryChat/socketchat/node_modules/.staging/zlib-011db9c3
215 silly lifecycle zlib@1.0.5~preinstall: Args: [ '-c', 'node-waf clean || true; node-waf configure build' ]
216 info lifecycle zlib@1.0.5~preinstall: Failed to exec preinstall script
217 verbose unlock done using /Users/ssun098/.npm/_locks/staging-35b28e26f7265a5d.lock for /Users/ssun098/Dropbox/compsci/githubFiles/EveryChat/socketchat/node_modules/.staging
218 silly rollbackFailedOptional Starting
219 silly rollbackFailedOptional Finishing
220 silly runTopLevelLifecycles Starting
221 silly runTopLevelLifecycles Finishing
222 silly install printInstalled
223 warn socketchat@0.0.1 No repository field.
224 warn socketchat@0.0.1 No license field.
225 verbose stack Error: zlib@1.0.5 preinstall: `node-waf clean || true; node-waf configure build`
225 verbose stack spawn ENOENT
225 verbose stack     at ChildProcess.<anonymous> (/usr/local/lib/node_modules/npm/lib/utils/spawn.js:17:16)
225 verbose stack     at emitTwo (events.js:87:13)
225 verbose stack     at ChildProcess.emit (events.js:172:7)
225 verbose stack     at maybeClose (internal/child_process.js:818:16)
225 verbose stack     at Process.ChildProcess._handle.onexit (internal/child_process.js:211:5)
226 verbose pkgid zlib@1.0.5
227 verbose cwd /Users/ssun098/Dropbox/compsci/githubFiles/EveryChat/socketchat
228 error Darwin 15.0.0
229 error argv "/usr/local/Cellar/node/5.3.0/bin/node" "/usr/local/bin/npm" "install" "zlib"
230 error node v5.3.0
231 error npm  v3.5.3
232 error file sh
233 error code ELIFECYCLE
234 error errno ENOENT
235 error syscall spawn
236 error zlib@1.0.5 preinstall: `node-waf clean || true; node-waf configure build`
236 error spawn ENOENT
237 error Failed at the zlib@1.0.5 preinstall script 'node-waf clean || true; node-waf configure build'.
237 error Make sure you have the latest version of node.js and npm installed.
237 error If you do, this is most likely a problem with the zlib package,
237 error not with npm itself.
237 error Tell the author that this fails on your system:
237 error     node-waf clean || true; node-waf configure build
237 error You can get information on how to open an issue for this project with:
237 error     npm bugs zlib
237 error Or if that isn't available, you can get their info via:
237 error     npm owner ls zlib
237 error There is likely additional logging output above.
238 verbose exit [ 1, true ]
